     1                                 %line 1+1 echo.s
     2                                 
     3                                 
     4                                 
     5                                 
     6                                 [section .data]
     7                                 
     8                                 BUFLEN: equ 256
     9 00000000 00<rept>               buffer: times BUFLEN db 0
    10                                 
    11                                 SYS_READ: equ 0
    12                                 STDIN: equ 0
    13                                 SYS_WRITE: equ 1
    14                                 STDOUT: equ 1
    15                                 SYS_EXIT: equ 60
    16                                 
    17                                 [section .text]
    18                                 
    19                                 [global _start]
    20                                 _start:
    21                                 
    22 00000000 48C7C000000000          mov rax, SYS_READ
    23 00000007 48C7C700000000          mov rdi, STDIN
    24 0000000E 48C7C6[00000000]        mov rsi, buffer
    25 00000015 48C7C200010000          mov rdx, BUFLEN
    26 0000001C 0F05                    syscall
    27                                 
    28                                 
    29 0000001E 4889C2                  mov rdx, rax
    30 00000021 48C7C001000000          mov rax, SYS_WRITE
    31 00000028 48C7C701000000          mov rdi, STDOUT
    32 0000002F 48C7C6[00000000]        mov rsi, buffer
    33 00000036 0F05                    syscall
    34                                 
    35                                 
    36 00000038 48C7C03C000000          mov rax, SYS_EXIT
    37 0000003F 48C7C700000000          mov rdi, 0
    38 00000046 0F05                    syscall
