     1                                 %line 1+1 hello.s
     2                                 [section .data]
     3                                 
     4 00000000 48656C6C6F2C204353-    msg: db "Hello, CSCI 241!", 10
     5 00000000 434920323431210A   
     6                                 MSGLEN: equ ($ - msg)
     7                                 
     8                                 [section .text]
     9                                 
    10                                 [global _start]
    11                                 _start:
    12                                 
    13 00000000 48C7C001000000          mov rax, 1
    14 00000007 48C7C701000000          mov rdi, 1
    15 0000000E 48C7C6[00000000]        mov rsi, msg
    16 00000015 48BA11000000000000-     mov rdx, MSGLEN
    17 00000015 00                 
    18 0000001F 0F05                    syscall
    19                                 
    20                                 _exit:
    21 00000021 48C7C03C000000          mov rax, 60
    22 00000028 48C7C700000000          mov rdi, 0
    23 0000002F 0F05                    syscall
