     1                                 %line 1+1 helloloop.s
     2                                 [section .data]
     3                                 
     4 00000000 0A48656C6C6F2C2077-    msg: db 10, "Hello, world!"
     5 00000000 6F726C6421         
     6                                 MSGLEN: equ $-msg
     7                                 
     8                                 [global _start]
     9                                 _start:
    10                                 
    11 0000000E 48C7C701000000          mov rdi, 1
    12 00000015 48C7C201000000          mov rdx, 1
    13                                 
    14 0000001C 48B90E000000000000-     mov rcx, MSGLEN
    15 0000001C 00                 
    16                                 
    17                                 .begin_loop
    18                                 
    19                                 
    20                                 
    21 00000026 48C7C001000000          mov rax, 1
    22                                 
    23 0000002D 4889CE                  mov rsi, rcx
    24 00000030 4881C6[00000000]        add rsi, msg
    25 00000037 48FFCE                  dec rsi
    26                                 
    27 0000003A 4989CF                  mov r15, rcx
    28 0000003D 0F05                    syscall
    29                                 
    30 0000003F 4C89F9                  mov rcx, r15
    31                                 
    32 00000042 E2E0                    loop .begin_loop
    33                                 
    34                                 
    35                                 
    36 00000044 48C7C03C000000          mov rax, 60
    37 0000004B 48C7C700000000          mov rdi, 0
    38 00000052 0F05                    syscall
