     1                                 %line 1+1 splitmit64.s
     2                                 [section .data]
     3                                 
     4 00000000 4A19020000000000       state: dq 137546
     5                                 
     6 00000008 0000000000000000       buffer: dq 0
     7                                 
     8                                 [section .text]
     9                                 
    10                                 [global _start]
    11                                 _start:
    12                                 
    13 00000000 55                      push rbp
    14 00000001 4889E5                  mov rbp, rsp
    15                                 
    16                                 .loop:
    17 00000004 E834000000              call next
    18 00000009 48890425[00000000]      mov [buffer], rax
    19                                 
    20 00000011 48C7C001000000          mov rax, 1
    21 00000018 48C7C701000000          mov rdi, 1
    22 0000001F 48C7C6[00000000]        mov rsi, buffer
    23 00000026 48C7C208000000          mov rdx, 8
    24 0000002D 0F05                    syscall
    25                                 
    26 0000002F EBD1                    jmp .loop
    27                                 
    28 00000031 5D                      pop rbp
    29                                 
    30 00000032 48C7C03C000000          mov rax, 60
    31 00000039 48C7C700000000          mov rdi, 0
    32 00000040 0F05                    syscall
    33                                 
    34                                 next:
    35 00000042 55                      push rbp
    36 00000043 4889E5                  mov rbp, rsp
    37                                 
    38                                 
    39 00000046 49B8B9E5E41C6D4758-     mov r8, 0xbf58476d1ce4e5b9
    40 00000046 BF                 
    41 00000050 49B9EB113113BB49D0-     mov r9, 0x94d049bb133111eb
    42 00000050 94                 
    43 0000005A 49BA157C4A7FB97937-     mov r10, 0x9e3779b97f4a7c15
    44 0000005A 9E                 
    45                                 
    46                                 
    47 00000064 4C011425[00000000]      add qword [state], r10
    48 0000006C 488B0425[00000000]      mov rax, qword [state]
    49                                 
    50                                 
    51 00000074 4889C3                  mov rbx, rax
    52 00000077 48C1EB1E                shr rbx, 30
    53 0000007B 4831D8                  xor rax, rbx
    54 0000007E 49F7E0                  mul r8
    55                                 
    56                                 
    57 00000081 4889C3                  mov rbx, rax
    58 00000084 48C1EB1B                shr rbx, 27
    59 00000088 4831D8                  xor rax, rbx
    60 0000008B 49F7E1                  mul r9
    61                                 
    62                                 
    63 0000008E 4889C3                  mov rbx, rax
    64 00000091 48C1EB1F                shr rbx, 31
    65 00000095 4831D8                  xor rax, rbx
    66                                 
    67 00000098 5D                      pop rbp
    68 00000099 C3                      ret
