     1                                 %line 1+1 triangle.s
     2                                 [section .data]
     3 00000000 0A                     newline: db 10
     4 00000001 30                     char: db '0'
     5                                 
     6                                 [section .text]
     7                                 
     8                                 [global _start]
     9                                 _start:
    10 00000000 48C7C706000000          mov rdi, 6
    11 00000007 E80B000000              call print_tri
    12                                 
    13 0000000C 48C7C03C000000          mov rax, 60
    14 00000013 48C7C700000000          mov rdi, 0
    15 0000001A 0F05                    syscall
    16                                 
    17                                 print_tri:
    18                                 
    19                                 
    20 0000001C 4989FC                  mov r12, rdi
    21 0000001F 49C7C500000000          mov r13, 0
    22                                 
    23                                 
    24                                 .begin_out:
    25 00000026 4D39E5                  cmp r13, r12
    26 00000029 735F                    jnb .end_outer
    27                                 
    28 0000002B C60425[00000000]30      mov byte[char], '0'
    29 00000033 49C7C600000000          mov r14, 0
    30                                 
    31                                 .begin_inner:
    32 0000003A 4D39EE                  cmp r14, r13
    33 0000003D 7728                    jnbe .end_inner
    34                                 
    35                                 
    36 0000003F 48C7C001000000          mov rax, 1
    37 00000046 48C7C701000000          mov rdi, 1
    38 0000004D 48C7C6[00000000]        mov rsi, char
    39 00000054 48C7C201000000          mov rdx, 1
    40 0000005B 0F05                    syscall
    41                                 
    42 0000005D FE0425[00000000]        inc byte[char]
    43 00000064 49FFC6                  inc r14
    44 00000067 EBCF                    jmp .begin_inner
    45                                 
    46                                 .end_inner:
    47                                 
    48                                 
    49 00000069 48C7C001000000          mov rax, 1
    50 00000070 48C7C701000000          mov rdi, 1
    51 00000077 48C7C6[00000000]        mov rsi, newline
    52 0000007E 48C7C201000000          mov rdx, 1
    53 00000085 0F05                    syscall
    54                                 
    55 00000087 49FFC5                  inc r13
    56 0000008A EB98                    jmp .begin_out
    57                                 
    58                                 .end_outer:
    59 0000008C C3                      ret
