     1                                 %line 1+1 question1.s
     2                                 [section .data]
     3                                 
     4 00000000 0A                     newline: db 10
     5 00000001 2A                     star: db '*'
     6                                 
     7                                 [section .text]
     8                                 
     9                                 [global _start]
    10                                 _start:
    11                                 
    12                                 print_stars:
    13 00000000 48C7C705000000          mov rdi, 5
    14 00000007 4989FC                  mov r12, rdi
    15                                 
    16                                 .outer_loop:
    17 0000000A 4983FC00                cmp r12, 0
    18 0000000E 744B                    je .finish_loop
    19                                 
    20 00000010 4D89E5                  mov r13, r12
    21                                 
    22                                  .inner_loop:
    23 00000013 48C7C001000000          mov rax, 1
    24 0000001A 48C7C701000000          mov rdi, 1
    25 00000021 48C7C6[00000000]        mov rsi, star
    26 00000028 48C7C201000000          mov rdx, 1
    27 0000002F 0F05                    syscall
    28                                 
    29 00000031 49FFCD                  dec r13
    30 00000034 4983FD00                cmp r13, 0
    31 00000038 75D7                    jne .inner_loop
    32                                 
    33 0000003A 48C7C001000000          mov rax, 1
    34 00000041 48C7C701000000          mov rdi, 1
    35 00000048 48C7C6[00000000]        mov rsi, newline
    36 0000004F 48C7C201000000          mov rdx, 1
    37 00000056 0F05                    syscall
    38                                 
    39 00000058 49FFCC                  dec r12
    40 0000005B EBAB                    jmp .outer_loop
    41                                 
    42                                 .finish_loop
    43 0000005D C3                      ret
